<?xml version="1.0" encoding="UTF-8"?>
<coverage generated="1761050281677" clover="3.2.0">
  <project timestamp="1761050281677" name="All files">
    <metrics statements="21" coveredstatements="21" conditionals="14" coveredconditionals="13" methods="6" coveredmethods="6" elements="41" coveredelements="40" complexity="0" loc="21" ncloc="21" packages="1" files="2" classes="2"/>
    <file name="authService.js" path="C:\Users\Yika\OneDrive\Documents\GitHub\Mockup-Project\src\authService.js">
      <metrics statements="15" coveredstatements="15" conditionals="14" coveredconditionals="13" methods="2" coveredmethods="2"/>
      <line num="1" count="1" type="stmt"/>
      <line num="2" count="1" type="stmt"/>
      <line num="5" count="6" type="cond" truecount="4" falsecount="0"/>
      <line num="7" count="5" type="stmt"/>
      <line num="8" count="5" type="cond" truecount="2" falsecount="0"/>
      <line num="10" count="4" type="stmt"/>
      <line num="11" count="4" type="stmt"/>
      <line num="12" count="4" type="stmt"/>
      <line num="16" count="3" type="cond" truecount="3" falsecount="1"/>
      <line num="18" count="3" type="stmt"/>
      <line num="19" count="3" type="cond" truecount="2" falsecount="0"/>
      <line num="21" count="2" type="stmt"/>
      <line num="22" count="2" type="cond" truecount="2" falsecount="0"/>
      <line num="24" count="1" type="stmt"/>
      <line num="27" count="1" type="stmt"/>
    </file>
    <file name="usersDB.js" path="C:\Users\Yika\OneDrive\Documents\GitHub\Mockup-Project\src\usersDB.js">
      <metrics statements="6" coveredstatements="6" conditionals="0" coveredconditionals="0" methods="4" coveredmethods="4"/>
      <line num="1" count="1" type="stmt"/>
      <line num="4" count="8" type="stmt"/>
      <line num="8" count="4" type="stmt"/>
      <line num="9" count="4" type="stmt"/>
      <line num="13" count="6" type="stmt"/>
      <line num="16" count="1" type="stmt"/>
    </file>
  </project>
</coverage>
