{"C:\\Users\\Yika\\OneDrive\\Documents\\GitHub\\Mockup-Project\\src\\authService.js": {"path":"C:\\Users\\Yika\\OneDrive\\Documents\\GitHub\\Mockup-Project\\src\\authService.js","statementMap":{"0":{"start":{"line":1,"column":37},"end":{"line":1,"column":57}},"1":{"start":{"line":2,"column":15},"end":{"line":2,"column":34}},"2":{"start":{"line":5,"column":2},"end":{"line":5,"column":78}},"3":{"start":{"line":5,"column":27},"end":{"line":5,"column":78}},"4":{"start":{"line":7,"column":19},"end":{"line":7,"column":41}},"5":{"start":{"line":8,"column":2},"end":{"line":8,"column":55}},"6":{"start":{"line":8,"column":16},"end":{"line":8,"column":55}},"7":{"start":{"line":10,"column":17},"end":{"line":10,"column":48}},"8":{"start":{"line":11,"column":15},"end":{"line":11,"column":51}},"9":{"start":{"line":12,"column":2},"end":{"line":12,"column":67}},"10":{"start":{"line":16,"column":2},"end":{"line":16,"column":78}},"11":{"start":{"line":16,"column":27},"end":{"line":16,"column":78}},"12":{"start":{"line":18,"column":15},"end":{"line":18,"column":37}},"13":{"start":{"line":19,"column":2},"end":{"line":19,"column":47}},"14":{"start":{"line":19,"column":13},"end":{"line":19,"column":47}},"15":{"start":{"line":21,"column":16},"end":{"line":21,"column":61}},"16":{"start":{"line":22,"column":2},"end":{"line":22,"column":53}},"17":{"start":{"line":22,"column":14},"end":{"line":22,"column":53}},"18":{"start":{"line":24,"column":2},"end":{"line":24,"column":60}},"19":{"start":{"line":27,"column":0},"end":{"line":27,"column":45}}},"fnMap":{"0":{"name":"registerUser","decl":{"start":{"line":4,"column":15},"end":{"line":4,"column":27}},"loc":{"start":{"line":4,"column":45},"end":{"line":13,"column":1}},"line":4},"1":{"name":"loginUser","decl":{"start":{"line":15,"column":15},"end":{"line":15,"column":24}},"loc":{"start":{"line":15,"column":42},"end":{"line":25,"column":1}},"line":15}},"branchMap":{"0":{"loc":{"start":{"line":5,"column":2},"end":{"line":5,"column":78}},"type":"if","locations":[{"start":{"line":5,"column":2},"end":{"line":5,"column":78}},{"start":{},"end":{}}],"line":5},"1":{"loc":{"start":{"line":5,"column":6},"end":{"line":5,"column":25}},"type":"binary-expr","locations":[{"start":{"line":5,"column":6},"end":{"line":5,"column":12}},{"start":{"line":5,"column":16},"end":{"line":5,"column":25}}],"line":5},"2":{"loc":{"start":{"line":8,"column":2},"end":{"line":8,"column":55}},"type":"if","locations":[{"start":{"line":8,"column":2},"end":{"line":8,"column":55}},{"start":{},"end":{}}],"line":8},"3":{"loc":{"start":{"line":16,"column":2},"end":{"line":16,"column":78}},"type":"if","locations":[{"start":{"line":16,"column":2},"end":{"line":16,"column":78}},{"start":{},"end":{}}],"line":16},"4":{"loc":{"start":{"line":16,"column":6},"end":{"line":16,"column":25}},"type":"binary-expr","locations":[{"start":{"line":16,"column":6},"end":{"line":16,"column":12}},{"start":{"line":16,"column":16},"end":{"line":16,"column":25}}],"line":16},"5":{"loc":{"start":{"line":19,"column":2},"end":{"line":19,"column":47}},"type":"if","locations":[{"start":{"line":19,"column":2},"end":{"line":19,"column":47}},{"start":{},"end":{}}],"line":19},"6":{"loc":{"start":{"line":22,"column":2},"end":{"line":22,"column":53}},"type":"if","locations":[{"start":{"line":22,"column":2},"end":{"line":22,"column":53}},{"start":{},"end":{}}],"line":22}},"s":{"0":1,"1":1,"2":6,"3":1,"4":5,"5":5,"6":1,"7":4,"8":4,"9":4,"10":3,"11":0,"12":3,"13":3,"14":1,"15":2,"16":2,"17":1,"18":1,"19":1},"f":{"0":6,"1":3},"b":{"0":[1,5],"1":[6,5],"2":[1,4],"3":[0,3],"4":[3,3],"5":[1,2],"6":[1,1]},"_coverageSchema":"1a1c01bbd47fc00a2c39e90264f33305004495a9","hash":"c9ba2fde6866c154e223aea5c47e0eb09afe8f6c"}
,"C:\\Users\\Yika\\OneDrive\\Documents\\GitHub\\Mockup-Project\\src\\usersDB.js": {"path":"C:\\Users\\Yika\\OneDrive\\Documents\\GitHub\\Mockup-Project\\src\\usersDB.js","statementMap":{"0":{"start":{"line":1,"column":14},"end":{"line":1,"column":16}},"1":{"start":{"line":4,"column":2},"end":{"line":4,"column":52}},"2":{"start":{"line":4,"column":30},"end":{"line":4,"column":50}},"3":{"start":{"line":8,"column":2},"end":{"line":8,"column":19}},"4":{"start":{"line":9,"column":2},"end":{"line":9,"column":14}},"5":{"start":{"line":13,"column":2},"end":{"line":13,"column":19}},"6":{"start":{"line":16,"column":0},"end":{"line":16,"column":58}}},"fnMap":{"0":{"name":"findUserByEmail","decl":{"start":{"line":3,"column":9},"end":{"line":3,"column":24}},"loc":{"start":{"line":3,"column":32},"end":{"line":5,"column":1}},"line":3},"1":{"name":"(anonymous_1)","decl":{"start":{"line":4,"column":20},"end":{"line":4,"column":21}},"loc":{"start":{"line":4,"column":30},"end":{"line":4,"column":50}},"line":4},"2":{"name":"addUser","decl":{"start":{"line":7,"column":9},"end":{"line":7,"column":16}},"loc":{"start":{"line":7,"column":23},"end":{"line":10,"column":1}},"line":7},"3":{"name":"clearUsers","decl":{"start":{"line":12,"column":9},"end":{"line":12,"column":19}},"loc":{"start":{"line":12,"column":22},"end":{"line":14,"column":1}},"line":12}},"branchMap":{},"s":{"0":1,"1":8,"2":3,"3":4,"4":4,"5":6,"6":1},"f":{"0":8,"1":3,"2":4,"3":6},"b":{},"_coverageSchema":"1a1c01bbd47fc00a2c39e90264f33305004495a9","hash":"21a55dad5a9b224abf05dcbf9da31afd601074c1"}
}
