TN:
SF:src\authService.js
FN:4,registerUser
FN:15,loginUser
FNF:2
FNH:2
FNDA:6,registerUser
FNDA:3,loginUser
DA:1,1
DA:2,1
DA:5,6
DA:7,5
DA:8,5
DA:10,4
DA:11,4
DA:12,4
DA:16,3
DA:18,3
DA:19,3
DA:21,2
DA:22,2
DA:24,1
DA:27,1
LF:15
LH:15
BRDA:5,0,0,1
BRDA:5,0,1,5
BRDA:5,1,0,6
BRDA:5,1,1,5
BRDA:8,2,0,1
BRDA:8,2,1,4
BRDA:16,3,0,0
BRDA:16,3,1,3
BRDA:16,4,0,3
BRDA:16,4,1,3
BRDA:19,5,0,1
BRDA:19,5,1,2
BRDA:22,6,0,1
BRDA:22,6,1,1
BRF:14
BRH:13
end_of_record
TN:
SF:src\usersDB.js
FN:3,findUserByEmail
FN:4,(anonymous_1)
FN:7,addUser
FN:12,clearUsers
FNF:4
FNH:4
FNDA:8,findUserByEmail
FNDA:3,(anonymous_1)
FNDA:4,addUser
FNDA:6,clearUsers
DA:1,1
DA:4,8
DA:8,4
DA:9,4
DA:13,6
DA:16,1
LF:6
LH:6
BRF:0
BRH:0
end_of_record
